<?xml version="1.0" encoding="UTF-8"?>
<con:testCase id="16cb5517-2c17-4a06-a19d-ec0737491397" discardOkResults="false" failOnError="true" failTestCaseOnErrors="true" keepSession="false" name="Test Case 1" searchProperties="true" timeout="0" xmlns:con="http://eviware.com/soapui/config">
  <con:settings>
    <con:setting id="16cb5517-2c17-4a06-a19d-ec0737491397fileName">Test-Case-1</con:setting>
  </con:settings>
  <con:testStep type="datasource" name="Data Source" id="821a5066-154f-4b13-b215-8ff7e18b6ebf">
    <con:settings/>
    <con:config xsi:type="con:DataSourceStep" xmlns:xsi="http://www.w3.org/2001/XMLSchema-instance">
      <con:dataSource type="Excel">
        <con:configuration>
          <file>${projectDir}/SOAP-Sample-Project-readyapi-project/Suspended_SHOrgs.xlsx</file>
          <worksheet/>
          <cell>A1</cell>
          <ignoreEmpty>false</ignoreEmpty>
          <evaluateFormulas>false</evaluateFormulas>
        </con:configuration>
      </con:dataSource>
      <con:shared>true</con:shared>
      <con:restartShared>true</con:restartShared>
      <con:property>Orgname</con:property>
      <con:property>Org UUID</con:property>
      <con:property>Current plan</con:property>
      <con:property>Notes</con:property>
      <con:completeLastOperation>true</con:completeLastOperation>
      <con:restartOnRun>true</con:restartOnRun>
    </con:config>
  </con:testStep>
  <con:properties/>
  <con:reportParameters/>
</con:testCase>
